<?xml version="1.0" encoding="UTF-8"?>
<!-- Generated by org.testng.reporters.JUnitReportReporter -->
<testsuite skipped="0" hostname="DDC2-D-7PNR9B2" name="pack1.My_TC_01_Test" tests="4" failures="0" timestamp="20 Jul 2019 12:52:37 GMT" time="0.023" errors="0">
  <testcase name="D" time="0.017" classname="pack1.My_TC_01_Test"/>
  <testcase name="C" time="0.002" classname="pack1.My_TC_01_Test"/>
  <testcase name="B" time="0.003" classname="pack1.My_TC_01_Test"/>
  <testcase name="A" time="0.001" classname="pack1.My_TC_01_Test"/>
</testsuite> <!-- pack1.My_TC_01_Test -->
