<?xml version="1.0" encoding="UTF-8"?>
<!-- Generated by org.testng.reporters.JUnitReportReporter -->
<testsuite skipped="1" hostname="DDC2-D-7PNR9B2" name="pack1.TC_02" tests="1" failures="0" timestamp="17 Jul 2019 10:34:34 GMT" time="0.000" errors="0">
  <testcase name="f" time="0.000" classname="pack1.TC_02">
    <skipped/>
  </testcase> <!-- f -->
</testsuite> <!-- pack1.TC_02 -->
